<html>
<head>
<title>TestNG:  Test run on chrome</title>
<link href="../testng.css" rel="stylesheet" type="text/css" />
<link href="../my-testng.css" rel="stylesheet" type="text/css" />

<style type="text/css">
.log { display: none;} 
.stack-trace { display: none;} 
</style>
<script type="text/javascript">
<!--
function flip(e) {
  current = e.style.display;
  if (current == 'block') {
    e.style.display = 'none';
    return 0;
  }
  else {
    e.style.display = 'block';
    return 1;
  }
}

function toggleBox(szDivId, elem, msg1, msg2)
{
  var res = -1;  if (document.getElementById) {
    res = flip(document.getElementById(szDivId));
  }
  else if (document.all) {
    // this is the way old msie versions work
    res = flip(document.all[szDivId]);
  }
  if(elem) {
    if(res == 0) elem.innerHTML = msg1; else elem.innerHTML = msg2;
  }

}

function toggleAllBoxes() {
  if (document.getElementsByTagName) {
    d = document.getElementsByTagName('div');
    for (i = 0; i < d.length; i++) {
      if (d[i].className == 'log') {
        flip(d[i]);
      }
    }
  }
}

// -->
</script>

</head>
<body>
<h2 align='center'>Test run on chrome</h2><table border='1' align="center">
<tr>
<td>Tests passed/Failed/Skipped:</td><td>4/10/0</td>
</tr><tr>
<td>Started on:</td><td>Fri Jul 29 11:16:37 IST 2016</td>
</tr>
<tr><td>Total time:</td><td>54 seconds (54124 ms)</td>
</tr><tr>
<td>Included groups:</td><td></td>
</tr><tr>
<td>Excluded groups:</td><td></td>
</tr>
</table><p/>
<small><i>(Hover the method name to see the test class name)</i></small><p/>
<table width='100%' border='1' class='invocation-failed'>
<tr><td colspan='4' align='center'><b>FAILED TESTS</b></td></tr>
<tr><td><b>Test method</b></td>
<td width="30%"><b>Exception</b></td>
<td width="10%"><b>Time (seconds)</b></td>
<td><b>Instance</b></td>
</tr>
<tr>
<td title='com.Test.StudyConfigurationTest.createSiteUserGroupVisit()'><b>createSiteUserGroupVisit</b><br>Test class: com.Test.StudyConfigurationTest<br/>
<a href="#Output-693958407" onClick='toggleBox("Output-693958407", this, "Show output", "Hide output");'>Show output</a>

<a href="#Output-693958407" onClick="toggleAllBoxes();">Show all outputs</a>
<div class='log' id="Output-693958407">
<H4>Repro Steps</H4><br>null<br/>
<br><a href=D:\Aetiol_Automation\com.Aetiol_Automation\test-output\Screenshot\createSiteUserGroupVisit29_Jul_2016_11_17_31AM.png>Screenshot</a><br/>
</div>
</td>
<td><div><pre>org.openqa.selenium.NoSuchElementException: Cannot locate option with index: 1
For documentation on this error, please visit: http://seleniumhq.org/exceptions/no_such_element.html
Build info: version: &apos;2.53.0&apos;, revision: &apos;35ae25b&apos;, time: &apos;2016-03-15 16:57:40&apos;
System info: host: &apos;jade031&apos;, ip: &apos;192.168.1.31&apos;, os.name: &apos;Windows 8.1&apos;, os.arch: &apos;amd64&apos;, os.version: &apos;6.3&apos;, java.version: &apos;1.8.0_66&apos;
Driver info: driver.version: ActionDriver
	at org.openqa.selenium.support.ui.Select.selectByIndex(Select.java:182)
	at com.GenericLib.ActionDriver.selectDropDownByIndex(ActionDriver.java:103)
	at com.Pages.StudyConfiguration.assignUser(StudyConfiguration.java:112)
	at com.Test.StudyConfigurationTest.createSiteUserGroupVisit(StudyConfigurationTest.java:52)
... Removed 24 stack frames</pre></div><a href='#' onClick='toggleBox("stack-trace693958407", this, "Click to show all stack frames", "Click to hide stack frames")'>Click to show all stack frames</a>
<div class='stack-trace' id='stack-trace693958407'><pre>org.openqa.selenium.NoSuchElementException: Cannot locate option with index: 1
For documentation on this error, please visit: http://seleniumhq.org/exceptions/no_such_element.html
Build info: version: &apos;2.53.0&apos;, revision: &apos;35ae25b&apos;, time: &apos;2016-03-15 16:57:40&apos;
System info: host: &apos;jade031&apos;, ip: &apos;192.168.1.31&apos;, os.name: &apos;Windows 8.1&apos;, os.arch: &apos;amd64&apos;, os.version: &apos;6.3&apos;, java.version: &apos;1.8.0_66&apos;
Driver info: driver.version: ActionDriver
	at org.openqa.selenium.support.ui.Select.selectByIndex(Select.java:182)
	at com.GenericLib.ActionDriver.selectDropDownByIndex(ActionDriver.java:103)
	at com.Pages.StudyConfiguration.assignUser(StudyConfiguration.java:112)
	at com.Test.StudyConfigurationTest.createSiteUserGroupVisit(StudyConfigurationTest.java:52)
	at sun.reflect.NativeMethodAccessorImpl.invoke0(Native Method)
	at sun.reflect.NativeMethodAccessorImpl.invoke(Unknown Source)
	at sun.reflect.DelegatingMethodAccessorImpl.invoke(Unknown Source)
	at java.lang.reflect.Method.invoke(Unknown Source)
	at org.testng.internal.MethodInvocationHelper.invokeMethod(MethodInvocationHelper.java:85)
	at org.testng.internal.Invoker.invokeMethod(Invoker.java:639)
	at org.testng.internal.Invoker.invokeTestMethod(Invoker.java:816)
	at org.testng.internal.Invoker.invokeTestMethods(Invoker.java:1124)
	at org.testng.internal.TestMethodWorker.invokeTestMethods(TestMethodWorker.java:125)
	at org.testng.internal.TestMethodWorker.run(TestMethodWorker.java:108)
	at org.testng.TestRunner.privateRun(TestRunner.java:774)
	at org.testng.TestRunner.run(TestRunner.java:624)
	at org.testng.SuiteRunner.runTest(SuiteRunner.java:359)
	at org.testng.SuiteRunner.runSequentially(SuiteRunner.java:354)
	at org.testng.SuiteRunner.privateRun(SuiteRunner.java:312)
	at org.testng.SuiteRunner.run(SuiteRunner.java:261)
	at org.testng.SuiteRunnerWorker.runSuite(SuiteRunnerWorker.java:52)
	at org.testng.SuiteRunnerWorker.run(SuiteRunnerWorker.java:86)
	at org.testng.TestNG.runSuitesSequentially(TestNG.java:1215)
	at org.testng.TestNG.runSuitesLocally(TestNG.java:1140)
	at org.testng.TestNG.run(TestNG.java:1048)
	at org.testng.remote.AbstractRemoteTestNG.run(AbstractRemoteTestNG.java:126)
	at org.testng.remote.RemoteTestNG.initAndRun(RemoteTestNG.java:137)
	at org.testng.remote.RemoteTestNG.main(RemoteTestNG.java:58)
</pre></div></td>
<td>23</td>
<td>com.Test.StudyConfigurationTest@3a5ed7a6</td></tr>
<tr>
<td title='com.Test.StudyConfigurationTest.selectStudyDropdown()'><b>selectStudyDropdown</b><br>Test class: com.Test.StudyConfigurationTest<br>Test method: 1. Select change study dropdown<br>2. Click on study<br>Parameters: null<br/>
<a href="#Output-131872530" onClick='toggleBox("Output-131872530", this, "Show output", "Hide output");'>Show output</a>

<a href="#Output-131872530" onClick="toggleAllBoxes();">Show all outputs</a>
<div class='log' id="Output-131872530">
<H4>Repro Steps</H4><br>1. Select change study dropdown<br>2. Click on study<br/>
<br><a href=D:\Aetiol_Automation\com.Aetiol_Automation\test-output\Screenshot\selectStudyDropdown29_Jul_2016_11_17_06AM.png>Screenshot</a><br/>
</div>
</td>
<td><div><pre>java.lang.NullPointerException
	at org.openqa.selenium.support.ui.Quotes.escape(Quotes.java:42)
	at org.openqa.selenium.support.ui.Select.selectByValue(Select.java:196)
	at com.GenericLib.ActionDriver.selectDropDown(ActionDriver.java:97)
	at com.Pages.StudyConfiguration.clickSelectStudyDropdown(StudyConfiguration.java:59)
	at com.Test.StudyConfigurationTest.selectStudyDropdown(StudyConfigurationTest.java:46)
... Removed 24 stack frames</pre></div><a href='#' onClick='toggleBox("stack-trace131872530", this, "Click to show all stack frames", "Click to hide stack frames")'>Click to show all stack frames</a>
<div class='stack-trace' id='stack-trace131872530'><pre>java.lang.NullPointerException
	at org.openqa.selenium.support.ui.Quotes.escape(Quotes.java:42)
	at org.openqa.selenium.support.ui.Select.selectByValue(Select.java:196)
	at com.GenericLib.ActionDriver.selectDropDown(ActionDriver.java:97)
	at com.Pages.StudyConfiguration.clickSelectStudyDropdown(StudyConfiguration.java:59)
	at com.Test.StudyConfigurationTest.selectStudyDropdown(StudyConfigurationTest.java:46)
	at sun.reflect.NativeMethodAccessorImpl.invoke0(Native Method)
	at sun.reflect.NativeMethodAccessorImpl.invoke(Unknown Source)
	at sun.reflect.DelegatingMethodAccessorImpl.invoke(Unknown Source)
	at java.lang.reflect.Method.invoke(Unknown Source)
	at org.testng.internal.MethodInvocationHelper.invokeMethod(MethodInvocationHelper.java:85)
	at org.testng.internal.Invoker.invokeMethod(Invoker.java:639)
	at org.testng.internal.Invoker.invokeTestMethod(Invoker.java:816)
	at org.testng.internal.Invoker.invokeTestMethods(Invoker.java:1124)
	at org.testng.internal.TestMethodWorker.invokeTestMethods(TestMethodWorker.java:125)
	at org.testng.internal.TestMethodWorker.run(TestMethodWorker.java:108)
	at org.testng.TestRunner.privateRun(TestRunner.java:774)
	at org.testng.TestRunner.run(TestRunner.java:624)
	at org.testng.SuiteRunner.runTest(SuiteRunner.java:359)
	at org.testng.SuiteRunner.runSequentially(SuiteRunner.java:354)
	at org.testng.SuiteRunner.privateRun(SuiteRunner.java:312)
	at org.testng.SuiteRunner.run(SuiteRunner.java:261)
	at org.testng.SuiteRunnerWorker.runSuite(SuiteRunnerWorker.java:52)
	at org.testng.SuiteRunnerWorker.run(SuiteRunnerWorker.java:86)
	at org.testng.TestNG.runSuitesSequentially(TestNG.java:1215)
	at org.testng.TestNG.runSuitesLocally(TestNG.java:1140)
	at org.testng.TestNG.run(TestNG.java:1048)
	at org.testng.remote.AbstractRemoteTestNG.run(AbstractRemoteTestNG.java:126)
	at org.testng.remote.RemoteTestNG.initAndRun(RemoteTestNG.java:137)
	at org.testng.remote.RemoteTestNG.main(RemoteTestNG.java:58)
</pre></div></td>
<td>0</td>
<td>com.Test.StudyConfigurationTest@3a5ed7a6</td></tr>
<tr>
<td title='com.Test.StudyConfigurationTest.selectStudyDropdown()'><b>selectStudyDropdown</b><br>Test class: com.Test.StudyConfigurationTest<br>Test method: 1. Select change study dropdown<br>2. Click on study<br>Parameters: null<br/>
<a href="#Output-1176164144" onClick='toggleBox("Output-1176164144", this, "Show output", "Hide output");'>Show output</a>

<a href="#Output-1176164144" onClick="toggleAllBoxes();">Show all outputs</a>
<div class='log' id="Output-1176164144">
<H4>Repro Steps</H4><br>1. Select change study dropdown<br>2. Click on study<br/>
<br><a href=D:\Aetiol_Automation\com.Aetiol_Automation\test-output\Screenshot\selectStudyDropdown29_Jul_2016_11_17_06AM.png>Screenshot</a><br/>
</div>
</td>
<td><div><pre>java.lang.NullPointerException
	at org.openqa.selenium.support.ui.Quotes.escape(Quotes.java:42)
	at org.openqa.selenium.support.ui.Select.selectByValue(Select.java:196)
	at com.GenericLib.ActionDriver.selectDropDown(ActionDriver.java:97)
	at com.Pages.StudyConfiguration.clickSelectStudyDropdown(StudyConfiguration.java:59)
	at com.Test.StudyConfigurationTest.selectStudyDropdown(StudyConfigurationTest.java:46)
... Removed 24 stack frames</pre></div><a href='#' onClick='toggleBox("stack-trace1176164144", this, "Click to show all stack frames", "Click to hide stack frames")'>Click to show all stack frames</a>
<div class='stack-trace' id='stack-trace1176164144'><pre>java.lang.NullPointerException
	at org.openqa.selenium.support.ui.Quotes.escape(Quotes.java:42)
	at org.openqa.selenium.support.ui.Select.selectByValue(Select.java:196)
	at com.GenericLib.ActionDriver.selectDropDown(ActionDriver.java:97)
	at com.Pages.StudyConfiguration.clickSelectStudyDropdown(StudyConfiguration.java:59)
	at com.Test.StudyConfigurationTest.selectStudyDropdown(StudyConfigurationTest.java:46)
	at sun.reflect.NativeMethodAccessorImpl.invoke0(Native Method)
	at sun.reflect.NativeMethodAccessorImpl.invoke(Unknown Source)
	at sun.reflect.DelegatingMethodAccessorImpl.invoke(Unknown Source)
	at java.lang.reflect.Method.invoke(Unknown Source)
	at org.testng.internal.MethodInvocationHelper.invokeMethod(MethodInvocationHelper.java:85)
	at org.testng.internal.Invoker.invokeMethod(Invoker.java:639)
	at org.testng.internal.Invoker.invokeTestMethod(Invoker.java:816)
	at org.testng.internal.Invoker.invokeTestMethods(Invoker.java:1124)
	at org.testng.internal.TestMethodWorker.invokeTestMethods(TestMethodWorker.java:125)
	at org.testng.internal.TestMethodWorker.run(TestMethodWorker.java:108)
	at org.testng.TestRunner.privateRun(TestRunner.java:774)
	at org.testng.TestRunner.run(TestRunner.java:624)
	at org.testng.SuiteRunner.runTest(SuiteRunner.java:359)
	at org.testng.SuiteRunner.runSequentially(SuiteRunner.java:354)
	at org.testng.SuiteRunner.privateRun(SuiteRunner.java:312)
	at org.testng.SuiteRunner.run(SuiteRunner.java:261)
	at org.testng.SuiteRunnerWorker.runSuite(SuiteRunnerWorker.java:52)
	at org.testng.SuiteRunnerWorker.run(SuiteRunnerWorker.java:86)
	at org.testng.TestNG.runSuitesSequentially(TestNG.java:1215)
	at org.testng.TestNG.runSuitesLocally(TestNG.java:1140)
	at org.testng.TestNG.run(TestNG.java:1048)
	at org.testng.remote.AbstractRemoteTestNG.run(AbstractRemoteTestNG.java:126)
	at org.testng.remote.RemoteTestNG.initAndRun(RemoteTestNG.java:137)
	at org.testng.remote.RemoteTestNG.main(RemoteTestNG.java:58)
</pre></div></td>
<td>0</td>
<td>com.Test.StudyConfigurationTest@3a5ed7a6</td></tr>
<tr>
<td title='com.Test.StudyConfigurationTest.selectStudyDropdown()'><b>selectStudyDropdown</b><br>Test class: com.Test.StudyConfigurationTest<br>Test method: 1. Select change study dropdown<br>2. Click on study<br>Parameters: null<br/>
<a href="#Output-1106681476" onClick='toggleBox("Output-1106681476", this, "Show output", "Hide output");'>Show output</a>

<a href="#Output-1106681476" onClick="toggleAllBoxes();">Show all outputs</a>
<div class='log' id="Output-1106681476">
<H4>Repro Steps</H4><br>1. Select change study dropdown<br>2. Click on study<br/>
<br><a href=D:\Aetiol_Automation\com.Aetiol_Automation\test-output\Screenshot\selectStudyDropdown29_Jul_2016_11_17_06AM.png>Screenshot</a><br/>
</div>
</td>
<td><div><pre>java.lang.NullPointerException
	at org.openqa.selenium.support.ui.Quotes.escape(Quotes.java:42)
	at org.openqa.selenium.support.ui.Select.selectByValue(Select.java:196)
	at com.GenericLib.ActionDriver.selectDropDown(ActionDriver.java:97)
	at com.Pages.StudyConfiguration.clickSelectStudyDropdown(StudyConfiguration.java:59)
	at com.Test.StudyConfigurationTest.selectStudyDropdown(StudyConfigurationTest.java:46)
... Removed 24 stack frames</pre></div><a href='#' onClick='toggleBox("stack-trace1106681476", this, "Click to show all stack frames", "Click to hide stack frames")'>Click to show all stack frames</a>
<div class='stack-trace' id='stack-trace1106681476'><pre>java.lang.NullPointerException
	at org.openqa.selenium.support.ui.Quotes.escape(Quotes.java:42)
	at org.openqa.selenium.support.ui.Select.selectByValue(Select.java:196)
	at com.GenericLib.ActionDriver.selectDropDown(ActionDriver.java:97)
	at com.Pages.StudyConfiguration.clickSelectStudyDropdown(StudyConfiguration.java:59)
	at com.Test.StudyConfigurationTest.selectStudyDropdown(StudyConfigurationTest.java:46)
	at sun.reflect.NativeMethodAccessorImpl.invoke0(Native Method)
	at sun.reflect.NativeMethodAccessorImpl.invoke(Unknown Source)
	at sun.reflect.DelegatingMethodAccessorImpl.invoke(Unknown Source)
	at java.lang.reflect.Method.invoke(Unknown Source)
	at org.testng.internal.MethodInvocationHelper.invokeMethod(MethodInvocationHelper.java:85)
	at org.testng.internal.Invoker.invokeMethod(Invoker.java:639)
	at org.testng.internal.Invoker.invokeTestMethod(Invoker.java:816)
	at org.testng.internal.Invoker.invokeTestMethods(Invoker.java:1124)
	at org.testng.internal.TestMethodWorker.invokeTestMethods(TestMethodWorker.java:125)
	at org.testng.internal.TestMethodWorker.run(TestMethodWorker.java:108)
	at org.testng.TestRunner.privateRun(TestRunner.java:774)
	at org.testng.TestRunner.run(TestRunner.java:624)
	at org.testng.SuiteRunner.runTest(SuiteRunner.java:359)
	at org.testng.SuiteRunner.runSequentially(SuiteRunner.java:354)
	at org.testng.SuiteRunner.privateRun(SuiteRunner.java:312)
	at org.testng.SuiteRunner.run(SuiteRunner.java:261)
	at org.testng.SuiteRunnerWorker.runSuite(SuiteRunnerWorker.java:52)
	at org.testng.SuiteRunnerWorker.run(SuiteRunnerWorker.java:86)
	at org.testng.TestNG.runSuitesSequentially(TestNG.java:1215)
	at org.testng.TestNG.runSuitesLocally(TestNG.java:1140)
	at org.testng.TestNG.run(TestNG.java:1048)
	at org.testng.remote.AbstractRemoteTestNG.run(AbstractRemoteTestNG.java:126)
	at org.testng.remote.RemoteTestNG.initAndRun(RemoteTestNG.java:137)
	at org.testng.remote.RemoteTestNG.main(RemoteTestNG.java:58)
</pre></div></td>
<td>0</td>
<td>com.Test.StudyConfigurationTest@3a5ed7a6</td></tr>
<tr>
<td title='com.Test.StudyConfigurationTest.selectStudyDropdown()'><b>selectStudyDropdown</b><br>Test class: com.Test.StudyConfigurationTest<br>Test method: 1. Select change study dropdown<br>2. Click on study<br>Parameters: null<br/>
<a href="#Output-1042306518" onClick='toggleBox("Output-1042306518", this, "Show output", "Hide output");'>Show output</a>

<a href="#Output-1042306518" onClick="toggleAllBoxes();">Show all outputs</a>
<div class='log' id="Output-1042306518">
<H4>Repro Steps</H4><br>1. Select change study dropdown<br>2. Click on study<br/>
<br><a href=D:\Aetiol_Automation\com.Aetiol_Automation\test-output\Screenshot\selectStudyDropdown29_Jul_2016_11_17_06AM.png>Screenshot</a><br/>
</div>
</td>
<td><div><pre>java.lang.NullPointerException
	at org.openqa.selenium.support.ui.Quotes.escape(Quotes.java:42)
	at org.openqa.selenium.support.ui.Select.selectByValue(Select.java:196)
	at com.GenericLib.ActionDriver.selectDropDown(ActionDriver.java:97)
	at com.Pages.StudyConfiguration.clickSelectStudyDropdown(StudyConfiguration.java:59)
	at com.Test.StudyConfigurationTest.selectStudyDropdown(StudyConfigurationTest.java:46)
... Removed 24 stack frames</pre></div><a href='#' onClick='toggleBox("stack-trace1042306518", this, "Click to show all stack frames", "Click to hide stack frames")'>Click to show all stack frames</a>
<div class='stack-trace' id='stack-trace1042306518'><pre>java.lang.NullPointerException
	at org.openqa.selenium.support.ui.Quotes.escape(Quotes.java:42)
	at org.openqa.selenium.support.ui.Select.selectByValue(Select.java:196)
	at com.GenericLib.ActionDriver.selectDropDown(ActionDriver.java:97)
	at com.Pages.StudyConfiguration.clickSelectStudyDropdown(StudyConfiguration.java:59)
	at com.Test.StudyConfigurationTest.selectStudyDropdown(StudyConfigurationTest.java:46)
	at sun.reflect.NativeMethodAccessorImpl.invoke0(Native Method)
	at sun.reflect.NativeMethodAccessorImpl.invoke(Unknown Source)
	at sun.reflect.DelegatingMethodAccessorImpl.invoke(Unknown Source)
	at java.lang.reflect.Method.invoke(Unknown Source)
	at org.testng.internal.MethodInvocationHelper.invokeMethod(MethodInvocationHelper.java:85)
	at org.testng.internal.Invoker.invokeMethod(Invoker.java:639)
	at org.testng.internal.Invoker.invokeTestMethod(Invoker.java:816)
	at org.testng.internal.Invoker.invokeTestMethods(Invoker.java:1124)
	at org.testng.internal.TestMethodWorker.invokeTestMethods(TestMethodWorker.java:125)
	at org.testng.internal.TestMethodWorker.run(TestMethodWorker.java:108)
	at org.testng.TestRunner.privateRun(TestRunner.java:774)
	at org.testng.TestRunner.run(TestRunner.java:624)
	at org.testng.SuiteRunner.runTest(SuiteRunner.java:359)
	at org.testng.SuiteRunner.runSequentially(SuiteRunner.java:354)
	at org.testng.SuiteRunner.privateRun(SuiteRunner.java:312)
	at org.testng.SuiteRunner.run(SuiteRunner.java:261)
	at org.testng.SuiteRunnerWorker.runSuite(SuiteRunnerWorker.java:52)
	at org.testng.SuiteRunnerWorker.run(SuiteRunnerWorker.java:86)
	at org.testng.TestNG.runSuitesSequentially(TestNG.java:1215)
	at org.testng.TestNG.runSuitesLocally(TestNG.java:1140)
	at org.testng.TestNG.run(TestNG.java:1048)
	at org.testng.remote.AbstractRemoteTestNG.run(AbstractRemoteTestNG.java:126)
	at org.testng.remote.RemoteTestNG.initAndRun(RemoteTestNG.java:137)
	at org.testng.remote.RemoteTestNG.main(RemoteTestNG.java:58)
</pre></div></td>
<td>0</td>
<td>com.Test.StudyConfigurationTest@3a5ed7a6</td></tr>
<tr>
<td title='com.Test.StudyConfigurationTest.selectStudyDropdown()'><b>selectStudyDropdown</b><br>Test class: com.Test.StudyConfigurationTest<br>Test method: 1. Select change study dropdown<br>2. Click on study<br>Parameters: null<br/>
<a href="#Output-442199874" onClick='toggleBox("Output-442199874", this, "Show output", "Hide output");'>Show output</a>

<a href="#Output-442199874" onClick="toggleAllBoxes();">Show all outputs</a>
<div class='log' id="Output-442199874">
<H4>Repro Steps</H4><br>1. Select change study dropdown<br>2. Click on study<br/>
<br><a href=D:\Aetiol_Automation\com.Aetiol_Automation\test-output\Screenshot\selectStudyDropdown29_Jul_2016_11_17_07AM.png>Screenshot</a><br/>
</div>
</td>
<td><div><pre>java.lang.NullPointerException
	at org.openqa.selenium.support.ui.Quotes.escape(Quotes.java:42)
	at org.openqa.selenium.support.ui.Select.selectByValue(Select.java:196)
	at com.GenericLib.ActionDriver.selectDropDown(ActionDriver.java:97)
	at com.Pages.StudyConfiguration.clickSelectStudyDropdown(StudyConfiguration.java:59)
	at com.Test.StudyConfigurationTest.selectStudyDropdown(StudyConfigurationTest.java:46)
... Removed 24 stack frames</pre></div><a href='#' onClick='toggleBox("stack-trace442199874", this, "Click to show all stack frames", "Click to hide stack frames")'>Click to show all stack frames</a>
<div class='stack-trace' id='stack-trace442199874'><pre>java.lang.NullPointerException
	at org.openqa.selenium.support.ui.Quotes.escape(Quotes.java:42)
	at org.openqa.selenium.support.ui.Select.selectByValue(Select.java:196)
	at com.GenericLib.ActionDriver.selectDropDown(ActionDriver.java:97)
	at com.Pages.StudyConfiguration.clickSelectStudyDropdown(StudyConfiguration.java:59)
	at com.Test.StudyConfigurationTest.selectStudyDropdown(StudyConfigurationTest.java:46)
	at sun.reflect.NativeMethodAccessorImpl.invoke0(Native Method)
	at sun.reflect.NativeMethodAccessorImpl.invoke(Unknown Source)
	at sun.reflect.DelegatingMethodAccessorImpl.invoke(Unknown Source)
	at java.lang.reflect.Method.invoke(Unknown Source)
	at org.testng.internal.MethodInvocationHelper.invokeMethod(MethodInvocationHelper.java:85)
	at org.testng.internal.Invoker.invokeMethod(Invoker.java:639)
	at org.testng.internal.Invoker.invokeTestMethod(Invoker.java:816)
	at org.testng.internal.Invoker.invokeTestMethods(Invoker.java:1124)
	at org.testng.internal.TestMethodWorker.invokeTestMethods(TestMethodWorker.java:125)
	at org.testng.internal.TestMethodWorker.run(TestMethodWorker.java:108)
	at org.testng.TestRunner.privateRun(TestRunner.java:774)
	at org.testng.TestRunner.run(TestRunner.java:624)
	at org.testng.SuiteRunner.runTest(SuiteRunner.java:359)
	at org.testng.SuiteRunner.runSequentially(SuiteRunner.java:354)
	at org.testng.SuiteRunner.privateRun(SuiteRunner.java:312)
	at org.testng.SuiteRunner.run(SuiteRunner.java:261)
	at org.testng.SuiteRunnerWorker.runSuite(SuiteRunnerWorker.java:52)
	at org.testng.SuiteRunnerWorker.run(SuiteRunnerWorker.java:86)
	at org.testng.TestNG.runSuitesSequentially(TestNG.java:1215)
	at org.testng.TestNG.runSuitesLocally(TestNG.java:1140)
	at org.testng.TestNG.run(TestNG.java:1048)
	at org.testng.remote.AbstractRemoteTestNG.run(AbstractRemoteTestNG.java:126)
	at org.testng.remote.RemoteTestNG.initAndRun(RemoteTestNG.java:137)
	at org.testng.remote.RemoteTestNG.main(RemoteTestNG.java:58)
</pre></div></td>
<td>0</td>
<td>com.Test.StudyConfigurationTest@3a5ed7a6</td></tr>
<tr>
<td title='com.Test.StudyConfigurationTest.selectStudyDropdown()'><b>selectStudyDropdown</b><br>Test class: com.Test.StudyConfigurationTest<br>Test method: 1. Select change study dropdown<br>2. Click on study<br>Parameters: null<br/>
<a href="#Output-1267149311" onClick='toggleBox("Output-1267149311", this, "Show output", "Hide output");'>Show output</a>

<a href="#Output-1267149311" onClick="toggleAllBoxes();">Show all outputs</a>
<div class='log' id="Output-1267149311">
<H4>Repro Steps</H4><br>1. Select change study dropdown<br>2. Click on study<br/>
<br><a href=D:\Aetiol_Automation\com.Aetiol_Automation\test-output\Screenshot\selectStudyDropdown29_Jul_2016_11_17_07AM.png>Screenshot</a><br/>
</div>
</td>
<td><div><pre>java.lang.NullPointerException
	at org.openqa.selenium.support.ui.Quotes.escape(Quotes.java:42)
	at org.openqa.selenium.support.ui.Select.selectByValue(Select.java:196)
	at com.GenericLib.ActionDriver.selectDropDown(ActionDriver.java:97)
	at com.Pages.StudyConfiguration.clickSelectStudyDropdown(StudyConfiguration.java:59)
	at com.Test.StudyConfigurationTest.selectStudyDropdown(StudyConfigurationTest.java:46)
... Removed 24 stack frames</pre></div><a href='#' onClick='toggleBox("stack-trace1267149311", this, "Click to show all stack frames", "Click to hide stack frames")'>Click to show all stack frames</a>
<div class='stack-trace' id='stack-trace1267149311'><pre>java.lang.NullPointerException
	at org.openqa.selenium.support.ui.Quotes.escape(Quotes.java:42)
	at org.openqa.selenium.support.ui.Select.selectByValue(Select.java:196)
	at com.GenericLib.ActionDriver.selectDropDown(ActionDriver.java:97)
	at com.Pages.StudyConfiguration.clickSelectStudyDropdown(StudyConfiguration.java:59)
	at com.Test.StudyConfigurationTest.selectStudyDropdown(StudyConfigurationTest.java:46)
	at sun.reflect.NativeMethodAccessorImpl.invoke0(Native Method)
	at sun.reflect.NativeMethodAccessorImpl.invoke(Unknown Source)
	at sun.reflect.DelegatingMethodAccessorImpl.invoke(Unknown Source)
	at java.lang.reflect.Method.invoke(Unknown Source)
	at org.testng.internal.MethodInvocationHelper.invokeMethod(MethodInvocationHelper.java:85)
	at org.testng.internal.Invoker.invokeMethod(Invoker.java:639)
	at org.testng.internal.Invoker.invokeTestMethod(Invoker.java:816)
	at org.testng.internal.Invoker.invokeTestMethods(Invoker.java:1124)
	at org.testng.internal.TestMethodWorker.invokeTestMethods(TestMethodWorker.java:125)
	at org.testng.internal.TestMethodWorker.run(TestMethodWorker.java:108)
	at org.testng.TestRunner.privateRun(TestRunner.java:774)
	at org.testng.TestRunner.run(TestRunner.java:624)
	at org.testng.SuiteRunner.runTest(SuiteRunner.java:359)
	at org.testng.SuiteRunner.runSequentially(SuiteRunner.java:354)
	at org.testng.SuiteRunner.privateRun(SuiteRunner.java:312)
	at org.testng.SuiteRunner.run(SuiteRunner.java:261)
	at org.testng.SuiteRunnerWorker.runSuite(SuiteRunnerWorker.java:52)
	at org.testng.SuiteRunnerWorker.run(SuiteRunnerWorker.java:86)
	at org.testng.TestNG.runSuitesSequentially(TestNG.java:1215)
	at org.testng.TestNG.runSuitesLocally(TestNG.java:1140)
	at org.testng.TestNG.run(TestNG.java:1048)
	at org.testng.remote.AbstractRemoteTestNG.run(AbstractRemoteTestNG.java:126)
	at org.testng.remote.RemoteTestNG.initAndRun(RemoteTestNG.java:137)
	at org.testng.remote.RemoteTestNG.main(RemoteTestNG.java:58)
</pre></div></td>
<td>0</td>
<td>com.Test.StudyConfigurationTest@3a5ed7a6</td></tr>
<tr>
<td title='com.Test.StudyConfigurationTest.selectStudyDropdown()'><b>selectStudyDropdown</b><br>Test class: com.Test.StudyConfigurationTest<br>Test method: 1. Select change study dropdown<br>2. Click on study<br>Parameters: null<br/>
<a href="#Output-735937428" onClick='toggleBox("Output-735937428", this, "Show output", "Hide output");'>Show output</a>

<a href="#Output-735937428" onClick="toggleAllBoxes();">Show all outputs</a>
<div class='log' id="Output-735937428">
<H4>Repro Steps</H4><br>1. Select change study dropdown<br>2. Click on study<br/>
<br><a href=D:\Aetiol_Automation\com.Aetiol_Automation\test-output\Screenshot\selectStudyDropdown29_Jul_2016_11_17_07AM.png>Screenshot</a><br/>
</div>
</td>
<td><div><pre>java.lang.NullPointerException
	at org.openqa.selenium.support.ui.Quotes.escape(Quotes.java:42)
	at org.openqa.selenium.support.ui.Select.selectByValue(Select.java:196)
	at com.GenericLib.ActionDriver.selectDropDown(ActionDriver.java:97)
	at com.Pages.StudyConfiguration.clickSelectStudyDropdown(StudyConfiguration.java:59)
	at com.Test.StudyConfigurationTest.selectStudyDropdown(StudyConfigurationTest.java:46)
... Removed 24 stack frames</pre></div><a href='#' onClick='toggleBox("stack-trace735937428", this, "Click to show all stack frames", "Click to hide stack frames")'>Click to show all stack frames</a>
<div class='stack-trace' id='stack-trace735937428'><pre>java.lang.NullPointerException
	at org.openqa.selenium.support.ui.Quotes.escape(Quotes.java:42)
	at org.openqa.selenium.support.ui.Select.selectByValue(Select.java:196)
	at com.GenericLib.ActionDriver.selectDropDown(ActionDriver.java:97)
	at com.Pages.StudyConfiguration.clickSelectStudyDropdown(StudyConfiguration.java:59)
	at com.Test.StudyConfigurationTest.selectStudyDropdown(StudyConfigurationTest.java:46)
	at sun.reflect.NativeMethodAccessorImpl.invoke0(Native Method)
	at sun.reflect.NativeMethodAccessorImpl.invoke(Unknown Source)
	at sun.reflect.DelegatingMethodAccessorImpl.invoke(Unknown Source)
	at java.lang.reflect.Method.invoke(Unknown Source)
	at org.testng.internal.MethodInvocationHelper.invokeMethod(MethodInvocationHelper.java:85)
	at org.testng.internal.Invoker.invokeMethod(Invoker.java:639)
	at org.testng.internal.Invoker.invokeTestMethod(Invoker.java:816)
	at org.testng.internal.Invoker.invokeTestMethods(Invoker.java:1124)
	at org.testng.internal.TestMethodWorker.invokeTestMethods(TestMethodWorker.java:125)
	at org.testng.internal.TestMethodWorker.run(TestMethodWorker.java:108)
	at org.testng.TestRunner.privateRun(TestRunner.java:774)
	at org.testng.TestRunner.run(TestRunner.java:624)
	at org.testng.SuiteRunner.runTest(SuiteRunner.java:359)
	at org.testng.SuiteRunner.runSequentially(SuiteRunner.java:354)
	at org.testng.SuiteRunner.privateRun(SuiteRunner.java:312)
	at org.testng.SuiteRunner.run(SuiteRunner.java:261)
	at org.testng.SuiteRunnerWorker.runSuite(SuiteRunnerWorker.java:52)
	at org.testng.SuiteRunnerWorker.run(SuiteRunnerWorker.java:86)
	at org.testng.TestNG.runSuitesSequentially(TestNG.java:1215)
	at org.testng.TestNG.runSuitesLocally(TestNG.java:1140)
	at org.testng.TestNG.run(TestNG.java:1048)
	at org.testng.remote.AbstractRemoteTestNG.run(AbstractRemoteTestNG.java:126)
	at org.testng.remote.RemoteTestNG.initAndRun(RemoteTestNG.java:137)
	at org.testng.remote.RemoteTestNG.main(RemoteTestNG.java:58)
</pre></div></td>
<td>0</td>
<td>com.Test.StudyConfigurationTest@3a5ed7a6</td></tr>
<tr>
<td title='com.Test.StudyConfigurationTest.selectStudyDropdown()'><b>selectStudyDropdown</b><br>Test class: com.Test.StudyConfigurationTest<br>Test method: 1. Select change study dropdown<br>2. Click on study<br>Parameters: null<br/>
<a href="#Output-787122337" onClick='toggleBox("Output-787122337", this, "Show output", "Hide output");'>Show output</a>

<a href="#Output-787122337" onClick="toggleAllBoxes();">Show all outputs</a>
<div class='log' id="Output-787122337">
<H4>Repro Steps</H4><br>1. Select change study dropdown<br>2. Click on study<br/>
<br><a href=D:\Aetiol_Automation\com.Aetiol_Automation\test-output\Screenshot\selectStudyDropdown29_Jul_2016_11_17_07AM.png>Screenshot</a><br/>
</div>
</td>
<td><div><pre>java.lang.NullPointerException
	at org.openqa.selenium.support.ui.Quotes.escape(Quotes.java:42)
	at org.openqa.selenium.support.ui.Select.selectByValue(Select.java:196)
	at com.GenericLib.ActionDriver.selectDropDown(ActionDriver.java:97)
	at com.Pages.StudyConfiguration.clickSelectStudyDropdown(StudyConfiguration.java:59)
	at com.Test.StudyConfigurationTest.selectStudyDropdown(StudyConfigurationTest.java:46)
... Removed 24 stack frames</pre></div><a href='#' onClick='toggleBox("stack-trace787122337", this, "Click to show all stack frames", "Click to hide stack frames")'>Click to show all stack frames</a>
<div class='stack-trace' id='stack-trace787122337'><pre>java.lang.NullPointerException
	at org.openqa.selenium.support.ui.Quotes.escape(Quotes.java:42)
	at org.openqa.selenium.support.ui.Select.selectByValue(Select.java:196)
	at com.GenericLib.ActionDriver.selectDropDown(ActionDriver.java:97)
	at com.Pages.StudyConfiguration.clickSelectStudyDropdown(StudyConfiguration.java:59)
	at com.Test.StudyConfigurationTest.selectStudyDropdown(StudyConfigurationTest.java:46)
	at sun.reflect.NativeMethodAccessorImpl.invoke0(Native Method)
	at sun.reflect.NativeMethodAccessorImpl.invoke(Unknown Source)
	at sun.reflect.DelegatingMethodAccessorImpl.invoke(Unknown Source)
	at java.lang.reflect.Method.invoke(Unknown Source)
	at org.testng.internal.MethodInvocationHelper.invokeMethod(MethodInvocationHelper.java:85)
	at org.testng.internal.Invoker.invokeMethod(Invoker.java:639)
	at org.testng.internal.Invoker.invokeTestMethod(Invoker.java:816)
	at org.testng.internal.Invoker.invokeTestMethods(Invoker.java:1124)
	at org.testng.internal.TestMethodWorker.invokeTestMethods(TestMethodWorker.java:125)
	at org.testng.internal.TestMethodWorker.run(TestMethodWorker.java:108)
	at org.testng.TestRunner.privateRun(TestRunner.java:774)
	at org.testng.TestRunner.run(TestRunner.java:624)
	at org.testng.SuiteRunner.runTest(SuiteRunner.java:359)
	at org.testng.SuiteRunner.runSequentially(SuiteRunner.java:354)
	at org.testng.SuiteRunner.privateRun(SuiteRunner.java:312)
	at org.testng.SuiteRunner.run(SuiteRunner.java:261)
	at org.testng.SuiteRunnerWorker.runSuite(SuiteRunnerWorker.java:52)
	at org.testng.SuiteRunnerWorker.run(SuiteRunnerWorker.java:86)
	at org.testng.TestNG.runSuitesSequentially(TestNG.java:1215)
	at org.testng.TestNG.runSuitesLocally(TestNG.java:1140)
	at org.testng.TestNG.run(TestNG.java:1048)
	at org.testng.remote.AbstractRemoteTestNG.run(AbstractRemoteTestNG.java:126)
	at org.testng.remote.RemoteTestNG.initAndRun(RemoteTestNG.java:137)
	at org.testng.remote.RemoteTestNG.main(RemoteTestNG.java:58)
</pre></div></td>
<td>0</td>
<td>com.Test.StudyConfigurationTest@3a5ed7a6</td></tr>
<tr>
<td title='com.Test.StudyConfigurationTest.selectStudyDropdown()'><b>selectStudyDropdown</b><br>Test class: com.Test.StudyConfigurationTest<br>Test method: 1. Select change study dropdown<br>2. Click on study<br>Parameters: null<br/>
<a href="#Output-746074699" onClick='toggleBox("Output-746074699", this, "Show output", "Hide output");'>Show output</a>

<a href="#Output-746074699" onClick="toggleAllBoxes();">Show all outputs</a>
<div class='log' id="Output-746074699">
<H4>Repro Steps</H4><br>1. Select change study dropdown<br>2. Click on study<br/>
<br><a href=D:\Aetiol_Automation\com.Aetiol_Automation\test-output\Screenshot\selectStudyDropdown29_Jul_2016_11_17_07AM.png>Screenshot</a><br/>
</div>
</td>
<td><div><pre>java.lang.NullPointerException
	at org.openqa.selenium.support.ui.Quotes.escape(Quotes.java:42)
	at org.openqa.selenium.support.ui.Select.selectByValue(Select.java:196)
	at com.GenericLib.ActionDriver.selectDropDown(ActionDriver.java:97)
	at com.Pages.StudyConfiguration.clickSelectStudyDropdown(StudyConfiguration.java:59)
	at com.Test.StudyConfigurationTest.selectStudyDropdown(StudyConfigurationTest.java:46)
... Removed 24 stack frames</pre></div><a href='#' onClick='toggleBox("stack-trace746074699", this, "Click to show all stack frames", "Click to hide stack frames")'>Click to show all stack frames</a>
<div class='stack-trace' id='stack-trace746074699'><pre>java.lang.NullPointerException
	at org.openqa.selenium.support.ui.Quotes.escape(Quotes.java:42)
	at org.openqa.selenium.support.ui.Select.selectByValue(Select.java:196)
	at com.GenericLib.ActionDriver.selectDropDown(ActionDriver.java:97)
	at com.Pages.StudyConfiguration.clickSelectStudyDropdown(StudyConfiguration.java:59)
	at com.Test.StudyConfigurationTest.selectStudyDropdown(StudyConfigurationTest.java:46)
	at sun.reflect.NativeMethodAccessorImpl.invoke0(Native Method)
	at sun.reflect.NativeMethodAccessorImpl.invoke(Unknown Source)
	at sun.reflect.DelegatingMethodAccessorImpl.invoke(Unknown Source)
	at java.lang.reflect.Method.invoke(Unknown Source)
	at org.testng.internal.MethodInvocationHelper.invokeMethod(MethodInvocationHelper.java:85)
	at org.testng.internal.Invoker.invokeMethod(Invoker.java:639)
	at org.testng.internal.Invoker.invokeTestMethod(Invoker.java:816)
	at org.testng.internal.Invoker.invokeTestMethods(Invoker.java:1124)
	at org.testng.internal.TestMethodWorker.invokeTestMethods(TestMethodWorker.java:125)
	at org.testng.internal.TestMethodWorker.run(TestMethodWorker.java:108)
	at org.testng.TestRunner.privateRun(TestRunner.java:774)
	at org.testng.TestRunner.run(TestRunner.java:624)
	at org.testng.SuiteRunner.runTest(SuiteRunner.java:359)
	at org.testng.SuiteRunner.runSequentially(SuiteRunner.java:354)
	at org.testng.SuiteRunner.privateRun(SuiteRunner.java:312)
	at org.testng.SuiteRunner.run(SuiteRunner.java:261)
	at org.testng.SuiteRunnerWorker.runSuite(SuiteRunnerWorker.java:52)
	at org.testng.SuiteRunnerWorker.run(SuiteRunnerWorker.java:86)
	at org.testng.TestNG.runSuitesSequentially(TestNG.java:1215)
	at org.testng.TestNG.runSuitesLocally(TestNG.java:1140)
	at org.testng.TestNG.run(TestNG.java:1048)
	at org.testng.remote.AbstractRemoteTestNG.run(AbstractRemoteTestNG.java:126)
	at org.testng.remote.RemoteTestNG.initAndRun(RemoteTestNG.java:137)
	at org.testng.remote.RemoteTestNG.main(RemoteTestNG.java:58)
</pre></div></td>
<td>0</td>
<td>com.Test.StudyConfigurationTest@3a5ed7a6</td></tr>
</table><p>
<table width='100%' border='1' class='invocation-passed'>
<tr><td colspan='4' align='center'><b>PASSED TESTS</b></td></tr>
<tr><td><b>Test method</b></td>
<td width="30%"><b>Exception</b></td>
<td width="10%"><b>Time (seconds)</b></td>
<td><b>Instance</b></td>
</tr>
<tr>
<td title='com.Test.StudyConfigurationTest.createStudy()'><b>createStudy</b><br>Test class: com.Test.StudyConfigurationTest<br>Test method: 1. Click on User<br>2. Click on Define User<br>3. Click on Add Communication Group<br>Parameters: Scurvey, Ishan, Catalent, Emergent Bio solutions , N/A, Cosmo Pharmaceuticals, 10, (UTC-07:00) Arizona,  Act5682122, The glucose tolerance test is a medical test in which glucose is given and blood samples taken afterward to determine how quickly it is cleared from the blood, Online, 15, Automatic</td>
<td></td>
<td>10</td>
<td>com.Test.StudyConfigurationTest@3a5ed7a6</td></tr>
<tr>
<td title='com.Test.StudyConfigurationTest.selectStudyDropdown()'><b>selectStudyDropdown</b><br>Test class: com.Test.StudyConfigurationTest<br>Test method: 1. Select change study dropdown<br>2. Click on study<br>Parameters: Scurvey</td>
<td></td>
<td>1</td>
<td>com.Test.StudyConfigurationTest@3a5ed7a6</td></tr>
<tr>
<td title='com.Test.StudyConfigurationTest.studyConfiguration()'><b>studyConfiguration</b><br>Test class: com.Test.StudyConfigurationTest</td>
<td></td>
<td>0</td>
<td>com.Test.StudyConfigurationTest@3a5ed7a6</td></tr>
<tr>
<td title='com.Test.StudyConfigurationTest.verifyLogin()'><b>verifyLogin</b><br>Test class: com.Test.StudyConfigurationTest<br>Test method: 1. Type valid credentials<br>2. Click on login button<br>Parameters: Akshi, Akshi@2022</td>
<td></td>
<td>3</td>
<td>com.Test.StudyConfigurationTest@3a5ed7a6</td></tr>
</table><p>
</body>
</html>